#!/bin/bash
#SBATCH --qos=regular
#SBATCH --constraint=cpu
#SBATCH --job-name=parallel
#SBATCH --time=3:30:00
#SBATCH --ntasks=100
#SBATCH --array=1
#SBATCH --nodes=1

#SBATCH --error logs/%A_%a.error
#SBATCH --out logs/%A_%a.out
#SBATCH --account=m1266
#SBATCH --mail-type=ALL
#SBATCH --mail-user=mphagen@uw.edu

#activate conda envs
source /global/homes/m/mphagen/.bashrc
conda activate fc_py311

#variable definition
script="/global/homes/m/mphagen/functional-connectivity/connectome-comparison/scripts/processing/calc_fc.py"
subject_file="/global/homes/m/mphagen/functional-connectivity/connectome-comparison/data/test_subjects.txt"

cat $0

for i in {0..127}; do
    subject_id=$( sed -n $(($SLURM_ARRAY_TASK_ID+$i))p $subject_file )
    echo $subject_id

    srun --ntasks 1 --cpus-per-task 2 --cpu-bind=cores --exclusive \
        python $script --sub_id $subject_id --model 'uoLasso' \
        --ses_id 'ses-1'
done 
wait


102109
Namespace(sub_id='102109', ses_id='1', task_id='rest', atlas_spec='fsLR_seg-4S156Parcels_den-91k', n_rois=100, n_trs=1200, n_folds=5, model='uoLasso', cv='blocks', proc_type='minProc', profile=False, fc_data_path='/pscratch/sd/m/mphagen/hcp-functional-connectivity', max_iter=1000)
Found 1 rest scans for subject 102109.
Saving results to /pscratch/sd/m/mphagen/hcp-functional-connectivity/derivatives/connectivity-matrices/minProc/uoLasso_blocks/sub-102109.
930449
Namespace(sub_id='930449', ses_id='1', task_id='rest', atlas_spec='fsLR_seg-4S156Parcels_den-91k', n_rois=100, n_trs=1200, n_folds=5, model='uoLasso', cv='blocks', proc_type='minProc', profile=False, fc_data_path='/pscratch/sd/m/mphagen/hcp-functional-connectivity', max_iter=1000)
Found 1 rest scans for subject 930449.
Saving results to /pscratch/sd/m/mphagen/hcp-functional-connectivity/derivatives/connectivity-matrices/minProc/uoLasso_blocks/sub-930449.
342129
Namespace(sub_id='342129', ses_id='1', task_id='rest', atlas_spec='fsLR_seg-4S156Parcels_den-91k', n_rois=100, n_trs=1200, n_folds=5, model='uoLasso', cv='blocks', proc_type='minProc', profile=False, fc_data_path='/pscratch/sd/m/mphagen/hcp-functional-connectivity', max_iter=1000)
Found 1 rest scans for subject 342129.
Saving results to /pscratch/sd/m/mphagen/hcp-functional-connectivity/derivatives/connectivity-matrices/minProc/uoLasso_blocks/sub-342129.
159441
Namespace(sub_id='159441', ses_id='1', task_id='rest', atlas_spec='fsLR_seg-4S156Parcels_den-91k', n_rois=100, n_trs=1200, n_folds=5, model='uoLasso', cv='blocks', proc_type='minProc', profile=False, fc_data_path='/pscratch/sd/m/mphagen/hcp-functional-connectivity', max_iter=1000)
Found 1 rest scans for subject 159441.
Saving results to /pscratch/sd/m/mphagen/hcp-functional-connectivity/derivatives/connectivity-matrices/minProc/uoLasso_blocks/sub-159441.
205220
Namespace(sub_id='205220', ses_id='1', task_id='rest', atlas_spec='fsLR_seg-4S156Parcels_den-91k', n_rois=100, n_trs=1200, n_folds=5, model='uoLasso', cv='blocks', proc_type='minProc', profile=False, fc_data_path='/pscratch/sd/m/mphagen/hcp-functional-connectivity', max_iter=1000)
Found 1 rest scans for subject 205220.
Saving results to /pscratch/sd/m/mphagen/hcp-functional-connectivity/derivatives/connectivity-matrices/minProc/uoLasso_blocks/sub-205220.
673455
Namespace(sub_id='673455', ses_id='1', task_id='rest', atlas_spec='fsLR_seg-4S156Parcels_den-91k', n_rois=100, n_trs=1200, n_folds=5, model='uoLasso', cv='blocks', proc_type='minProc', profile=False, fc_data_path='/pscratch/sd/m/mphagen/hcp-functional-connectivity', max_iter=1000)
Found 1 rest scans for subject 673455.
Saving results to /pscratch/sd/m/mphagen/hcp-functional-connectivity/derivatives/connectivity-matrices/minProc/uoLasso_blocks/sub-673455.
204521
Namespace(sub_id='204521', ses_id='1', task_id='rest', atlas_spec='fsLR_seg-4S156Parcels_den-91k', n_rois=100, n_trs=1200, n_folds=5, model='uoLasso', cv='blocks', proc_type='minProc', profile=False, fc_data_path='/pscratch/sd/m/mphagen/hcp-functional-connectivity', max_iter=1000)
Found 1 rest scans for subject 204521.
Saving results to /pscratch/sd/m/mphagen/hcp-functional-connectivity/derivatives/connectivity-matrices/minProc/uoLasso_blocks/sub-204521.
130316
Namespace(sub_id='130316', ses_id='1', task_id='rest', atlas_spec='fsLR_seg-4S156Parcels_den-91k', n_rois=100, n_trs=1200, n_folds=5, model='uoLasso', cv='blocks', proc_type='minProc', profile=False, fc_data_path='/pscratch/sd/m/mphagen/hcp-functional-connectivity', max_iter=1000)
Found 1 rest scans for subject 130316.
Saving results to /pscratch/sd/m/mphagen/hcp-functional-connectivity/derivatives/connectivity-matrices/minProc/uoLasso_blocks/sub-130316.
134425
Namespace(sub_id='134425', ses_id='1', task_id='rest', atlas_spec='fsLR_seg-4S156Parcels_den-91k', n_rois=100, n_trs=1200, n_folds=5, model='uoLasso', cv='blocks', proc_type='minProc', profile=False, fc_data_path='/pscratch/sd/m/mphagen/hcp-functional-connectivity', max_iter=1000)
Found 1 rest scans for subject 134425.
Saving results to /pscratch/sd/m/mphagen/hcp-functional-connectivity/derivatives/connectivity-matrices/minProc/uoLasso_blocks/sub-134425.
141422
Namespace(sub_id='141422', ses_id='1', task_id='rest', atlas_spec='fsLR_seg-4S156Parcels_den-91k', n_rois=100, n_trs=1200, n_folds=5, model='uoLasso', cv='blocks', proc_type='minProc', profile=False, fc_data_path='/pscratch/sd/m/mphagen/hcp-functional-connectivity', max_iter=1000)
Found 1 rest scans for subject 141422.
Saving results to /pscratch/sd/m/mphagen/hcp-functional-connectivity/derivatives/connectivity-matrices/minProc/uoLasso_blocks/sub-141422.
175237
Namespace(sub_id='175237', ses_id='1', task_id='rest', atlas_spec='fsLR_seg-4S156Parcels_den-91k', n_rois=100, n_trs=1200, n_folds=5, model='uoLasso', cv='blocks', proc_type='minProc', profile=False, fc_data_path='/pscratch/sd/m/mphagen/hcp-functional-connectivity', max_iter=1000)
Found 1 rest scans for subject 175237.
Saving results to /pscratch/sd/m/mphagen/hcp-functional-connectivity/derivatives/connectivity-matrices/minProc/uoLasso_blocks/sub-175237.
704238
Namespace(sub_id='704238', ses_id='1', task_id='rest', atlas_spec='fsLR_seg-4S156Parcels_den-91k', n_rois=100, n_trs=1200, n_folds=5, model='uoLasso', cv='blocks', proc_type='minProc', profile=False, fc_data_path='/pscratch/sd/m/mphagen/hcp-functional-connectivity', max_iter=1000)
Found 1 rest scans for subject 704238.
Saving results to /pscratch/sd/m/mphagen/hcp-functional-connectivity/derivatives/connectivity-matrices/minProc/uoLasso_blocks/sub-704238.
680250
Namespace(sub_id='680250', ses_id='1', task_id='rest', atlas_spec='fsLR_seg-4S156Parcels_den-91k', n_rois=100, n_trs=1200, n_folds=5, model='uoLasso', cv='blocks', proc_type='minProc', profile=False, fc_data_path='/pscratch/sd/m/mphagen/hcp-functional-connectivity', max_iter=1000)
Found 1 rest scans for subject 680250.
Saving results to /pscratch/sd/m/mphagen/hcp-functional-connectivity/derivatives/connectivity-matrices/minProc/uoLasso_blocks/sub-680250.
552241
Namespace(sub_id='552241', ses_id='1', task_id='rest', atlas_spec='fsLR_seg-4S156Parcels_den-91k', n_rois=100, n_trs=1200, n_folds=5, model='uoLasso', cv='blocks', proc_type='minProc', profile=False, fc_data_path='/pscratch/sd/m/mphagen/hcp-functional-connectivity', max_iter=1000)
Found 1 rest scans for subject 552241.
Saving results to /pscratch/sd/m/mphagen/hcp-functional-connectivity/derivatives/connectivity-matrices/minProc/uoLasso_blocks/sub-552241.
406836
Namespace(sub_id='406836', ses_id='1', task_id='rest', atlas_spec='fsLR_seg-4S156Parcels_den-91k', n_rois=100, n_trs=1200, n_folds=5, model='uoLasso', cv='blocks', proc_type='minProc', profile=False, fc_data_path='/pscratch/sd/m/mphagen/hcp-functional-connectivity', max_iter=1000)
Found 1 rest scans for subject 406836.
Saving results to /pscratch/sd/m/mphagen/hcp-functional-connectivity/derivatives/connectivity-matrices/minProc/uoLasso_blocks/sub-406836.
139637
Namespace(sub_id='139637', ses_id='1', task_id='rest', atlas_spec='fsLR_seg-4S156Parcels_den-91k', n_rois=100, n_trs=1200, n_folds=5, model='uoLasso', cv='blocks', proc_type='minProc', profile=False, fc_data_path='/pscratch/sd/m/mphagen/hcp-functional-connectivity', max_iter=1000)
Found 1 rest scans for subject 139637.
Saving results to /pscratch/sd/m/mphagen/hcp-functional-connectivity/derivatives/connectivity-matrices/minProc/uoLasso_blocks/sub-139637.
107321
Namespace(sub_id='107321', ses_id='1', task_id='rest', atlas_spec='fsLR_seg-4S156Parcels_den-91k', n_rois=100, n_trs=1200, n_folds=5, model='uoLasso', cv='blocks', proc_type='minProc', profile=False, fc_data_path='/pscratch/sd/m/mphagen/hcp-functional-connectivity', max_iter=1000)
Found 1 rest scans for subject 107321.
Saving results to /pscratch/sd/m/mphagen/hcp-functional-connectivity/derivatives/connectivity-matrices/minProc/uoLasso_blocks/sub-107321.
793465
Namespace(sub_id='793465', ses_id='1', task_id='rest', atlas_spec='fsLR_seg-4S156Parcels_den-91k', n_rois=100, n_trs=1200, n_folds=5, model='uoLasso', cv='blocks', proc_type='minProc', profile=False, fc_data_path='/pscratch/sd/m/mphagen/hcp-functional-connectivity', max_iter=1000)
368753
Namespace(sub_id='368753', ses_id='1', task_id='rest', atlas_spec='fsLR_seg-4S156Parcels_den-91k', n_rois=100, n_trs=1200, n_folds=5, model='uoLasso', cv='blocks', proc_type='minProc', profile=False, fc_data_path='/pscratch/sd/m/mphagen/hcp-functional-connectivity', max_iter=1000)
Found 1 rest scans for subject 368753.
Saving results to /pscratch/sd/m/mphagen/hcp-functional-connectivity/derivatives/connectivity-matrices/minProc/uoLasso_blocks/sub-368753.
136732
Namespace(sub_id='136732', ses_id='1', task_id='rest', atlas_spec='fsLR_seg-4S156Parcels_den-91k', n_rois=100, n_trs=1200, n_folds=5, model='uoLasso', cv='blocks', proc_type='minProc', profile=False, fc_data_path='/pscratch/sd/m/mphagen/hcp-functional-connectivity', max_iter=1000)
Found 1 rest scans for subject 136732.
Saving results to /pscratch/sd/m/mphagen/hcp-functional-connectivity/derivatives/connectivity-matrices/minProc/uoLasso_blocks/sub-136732.
899885
Namespace(sub_id='899885', ses_id='1', task_id='rest', atlas_spec='fsLR_seg-4S156Parcels_den-91k', n_rois=100, n_trs=1200, n_folds=5, model='uoLasso', cv='blocks', proc_type='minProc', profile=False, fc_data_path='/pscratch/sd/m/mphagen/hcp-functional-connectivity', max_iter=1000)
Found 1 rest scans for subject 899885.
Saving results to /pscratch/sd/m/mphagen/hcp-functional-connectivity/derivatives/connectivity-matrices/minProc/uoLasso_blocks/sub-899885.
353740
Namespace(sub_id='353740', ses_id='1', task_id='rest', atlas_spec='fsLR_seg-4S156Parcels_den-91k', n_rois=100, n_trs=1200, n_folds=5, model='uoLasso', cv='blocks', proc_type='minProc', profile=False, fc_data_path='/pscratch/sd/m/mphagen/hcp-functional-connectivity', max_iter=1000)
Found 1 rest scans for subject 353740.
Saving results to /pscratch/sd/m/mphagen/hcp-functional-connectivity/derivatives/connectivity-matrices/minProc/uoLasso_blocks/sub-353740.
180533
Namespace(sub_id='180533', ses_id='1', task_id='rest', atlas_spec='fsLR_seg-4S156Parcels_den-91k', n_rois=100, n_trs=1200, n_folds=5, model='uoLasso', cv='blocks', proc_type='minProc', profile=False, fc_data_path='/pscratch/sd/m/mphagen/hcp-functional-connectivity', max_iter=1000)
Found 1 rest scans for subject 180533.
Saving results to /pscratch/sd/m/mphagen/hcp-functional-connectivity/derivatives/connectivity-matrices/minProc/uoLasso_blocks/sub-180533.
788674
Namespace(sub_id='788674', ses_id='1', task_id='rest', atlas_spec='fsLR_seg-4S156Parcels_den-91k', n_rois=100, n_trs=1200, n_folds=5, model='uoLasso', cv='blocks', proc_type='minProc', profile=False, fc_data_path='/pscratch/sd/m/mphagen/hcp-functional-connectivity', max_iter=1000)
Found 1 rest scans for subject 788674.
Saving results to /pscratch/sd/m/mphagen/hcp-functional-connectivity/derivatives/connectivity-matrices/minProc/uoLasso_blocks/sub-788674.
485757
Namespace(sub_id='485757', ses_id='1', task_id='rest', atlas_spec='fsLR_seg-4S156Parcels_den-91k', n_rois=100, n_trs=1200, n_folds=5, model='uoLasso', cv='blocks', proc_type='minProc', profile=False, fc_data_path='/pscratch/sd/m/mphagen/hcp-functional-connectivity', max_iter=1000)
Found 1 rest scans for subject 485757.
Saving results to /pscratch/sd/m/mphagen/hcp-functional-connectivity/derivatives/connectivity-matrices/minProc/uoLasso_blocks/sub-485757.
176037
Namespace(sub_id='176037', ses_id='1', task_id='rest', atlas_spec='fsLR_seg-4S156Parcels_den-91k', n_rois=100, n_trs=1200, n_folds=5, model='uoLasso', cv='blocks', proc_type='minProc', profile=False, fc_data_path='/pscratch/sd/m/mphagen/hcp-functional-connectivity', max_iter=1000)
Found 1 rest scans for subject 176037.
Saving results to /pscratch/sd/m/mphagen/hcp-functional-connectivity/derivatives/connectivity-matrices/minProc/uoLasso_blocks/sub-176037.
160729
Namespace(sub_id='160729', ses_id='1', task_id='rest', atlas_spec='fsLR_seg-4S156Parcels_den-91k', n_rois=100, n_trs=1200, n_folds=5, model='uoLasso', cv='blocks', proc_type='minProc', profile=False, fc_data_path='/pscratch/sd/m/mphagen/hcp-functional-connectivity', max_iter=1000)
513736
Namespace(sub_id='513736', ses_id='1', task_id='rest', atlas_spec='fsLR_seg-4S156Parcels_den-91k', n_rois=100, n_trs=1200, n_folds=5, model='uoLasso', cv='blocks', proc_type='minProc', profile=False, fc_data_path='/pscratch/sd/m/mphagen/hcp-functional-connectivity', max_iter=1000)
Found 1 rest scans for subject 513736.
Saving results to /pscratch/sd/m/mphagen/hcp-functional-connectivity/derivatives/connectivity-matrices/minProc/uoLasso_blocks/sub-513736.
947668
Namespace(sub_id='947668', ses_id='1', task_id='rest', atlas_spec='fsLR_seg-4S156Parcels_den-91k', n_rois=100, n_trs=1200, n_folds=5, model='uoLasso', cv='blocks', proc_type='minProc', profile=False, fc_data_path='/pscratch/sd/m/mphagen/hcp-functional-connectivity', max_iter=1000)
Found 1 rest scans for subject 947668.
Saving results to /pscratch/sd/m/mphagen/hcp-functional-connectivity/derivatives/connectivity-matrices/minProc/uoLasso_blocks/sub-947668.
102311
Namespace(sub_id='102311', ses_id='1', task_id='rest', atlas_spec='fsLR_seg-4S156Parcels_den-91k', n_rois=100, n_trs=1200, n_folds=5, model='uoLasso', cv='blocks', proc_type='minProc', profile=False, fc_data_path='/pscratch/sd/m/mphagen/hcp-functional-connectivity', max_iter=1000)
Found 1 rest scans for subject 102311.
Saving results to /pscratch/sd/m/mphagen/hcp-functional-connectivity/derivatives/connectivity-matrices/minProc/uoLasso_blocks/sub-102311.
822244
Namespace(sub_id='822244', ses_id='1', task_id='rest', atlas_spec='fsLR_seg-4S156Parcels_den-91k', n_rois=100, n_trs=1200, n_folds=5, model='uoLasso', cv='blocks', proc_type='minProc', profile=False, fc_data_path='/pscratch/sd/m/mphagen/hcp-functional-connectivity', max_iter=1000)
Found 1 rest scans for subject 822244.
Saving results to /pscratch/sd/m/mphagen/hcp-functional-connectivity/derivatives/connectivity-matrices/minProc/uoLasso_blocks/sub-822244.
919966
Namespace(sub_id='919966', ses_id='1', task_id='rest', atlas_spec='fsLR_seg-4S156Parcels_den-91k', n_rois=100, n_trs=1200, n_folds=5, model='uoLasso', cv='blocks', proc_type='minProc', profile=False, fc_data_path='/pscratch/sd/m/mphagen/hcp-functional-connectivity', max_iter=1000)
Found 1 rest scans for subject 919966.
Saving results to /pscratch/sd/m/mphagen/hcp-functional-connectivity/derivatives/connectivity-matrices/minProc/uoLasso_blocks/sub-919966.
826454
Namespace(sub_id='826454', ses_id='1', task_id='rest', atlas_spec='fsLR_seg-4S156Parcels_den-91k', n_rois=100, n_trs=1200, n_folds=5, model='uoLasso', cv='blocks', proc_type='minProc', profile=False, fc_data_path='/pscratch/sd/m/mphagen/hcp-functional-connectivity', max_iter=1000)
Found 1 rest scans for subject 826454.
Saving results to /pscratch/sd/m/mphagen/hcp-functional-connectivity/derivatives/connectivity-matrices/minProc/uoLasso_blocks/sub-826454.
878877
Namespace(sub_id='878877', ses_id='1', task_id='rest', atlas_spec='fsLR_seg-4S156Parcels_den-91k', n_rois=100, n_trs=1200, n_folds=5, model='uoLasso', cv='blocks', proc_type='minProc', profile=False, fc_data_path='/pscratch/sd/m/mphagen/hcp-functional-connectivity', max_iter=1000)
Found 1 rest scans for subject 878877.
Saving results to /pscratch/sd/m/mphagen/hcp-functional-connectivity/derivatives/connectivity-matrices/minProc/uoLasso_blocks/sub-878877.
559053
Namespace(sub_id='559053', ses_id='1', task_id='rest', atlas_spec='fsLR_seg-4S156Parcels_den-91k', n_rois=100, n_trs=1200, n_folds=5, model='uoLasso', cv='blocks', proc_type='minProc', profile=False, fc_data_path='/pscratch/sd/m/mphagen/hcp-functional-connectivity', max_iter=1000)
Found 1 rest scans for subject 559053.
Saving results to /pscratch/sd/m/mphagen/hcp-functional-connectivity/derivatives/connectivity-matrices/minProc/uoLasso_blocks/sub-559053.
937160
Namespace(sub_id='937160', ses_id='1', task_id='rest', atlas_spec='fsLR_seg-4S156Parcels_den-91k', n_rois=100, n_trs=1200, n_folds=5, model='uoLasso', cv='blocks', proc_type='minProc', profile=False, fc_data_path='/pscratch/sd/m/mphagen/hcp-functional-connectivity', max_iter=1000)
Found 1 rest scans for subject 937160.
Saving results to /pscratch/sd/m/mphagen/hcp-functional-connectivity/derivatives/connectivity-matrices/minProc/uoLasso_blocks/sub-937160.
742549
Namespace(sub_id='742549', ses_id='1', task_id='rest', atlas_spec='fsLR_seg-4S156Parcels_den-91k', n_rois=100, n_trs=1200, n_folds=5, model='uoLasso', cv='blocks', proc_type='minProc', profile=False, fc_data_path='/pscratch/sd/m/mphagen/hcp-functional-connectivity', max_iter=1000)
Found 1 rest scans for subject 742549.
Saving results to /pscratch/sd/m/mphagen/hcp-functional-connectivity/derivatives/connectivity-matrices/minProc/uoLasso_blocks/sub-742549.
635245
Namespace(sub_id='635245', ses_id='1', task_id='rest', atlas_spec='fsLR_seg-4S156Parcels_den-91k', n_rois=100, n_trs=1200, n_folds=5, model='uoLasso', cv='blocks', proc_type='minProc', profile=False, fc_data_path='/pscratch/sd/m/mphagen/hcp-functional-connectivity', max_iter=1000)
Found 1 rest scans for subject 635245.
Saving results to /pscratch/sd/m/mphagen/hcp-functional-connectivity/derivatives/connectivity-matrices/minProc/uoLasso_blocks/sub-635245.
118932
Namespace(sub_id='118932', ses_id='1', task_id='rest', atlas_spec='fsLR_seg-4S156Parcels_den-91k', n_rois=100, n_trs=1200, n_folds=5, model='uoLasso', cv='blocks', proc_type='minProc', profile=False, fc_data_path='/pscratch/sd/m/mphagen/hcp-functional-connectivity', max_iter=1000)
Found 1 rest scans for subject 118932.
Saving results to /pscratch/sd/m/mphagen/hcp-functional-connectivity/derivatives/connectivity-matrices/minProc/uoLasso_blocks/sub-118932.
130417
Namespace(sub_id='130417', ses_id='1', task_id='rest', atlas_spec='fsLR_seg-4S156Parcels_den-91k', n_rois=100, n_trs=1200, n_folds=5, model='uoLasso', cv='blocks', proc_type='minProc', profile=False, fc_data_path='/pscratch/sd/m/mphagen/hcp-functional-connectivity', max_iter=1000)
Found 1 rest scans for subject 130417.
Saving results to /pscratch/sd/m/mphagen/hcp-functional-connectivity/derivatives/connectivity-matrices/minProc/uoLasso_blocks/sub-130417.
341834
Namespace(sub_id='341834', ses_id='1', task_id='rest', atlas_spec='fsLR_seg-4S156Parcels_den-91k', n_rois=100, n_trs=1200, n_folds=5, model='uoLasso', cv='blocks', proc_type='minProc', profile=False, fc_data_path='/pscratch/sd/m/mphagen/hcp-functional-connectivity', max_iter=1000)
Found 1 rest scans for subject 341834.
Saving results to /pscratch/sd/m/mphagen/hcp-functional-connectivity/derivatives/connectivity-matrices/minProc/uoLasso_blocks/sub-341834.
130114
Namespace(sub_id='130114', ses_id='1', task_id='rest', atlas_spec='fsLR_seg-4S156Parcels_den-91k', n_rois=100, n_trs=1200, n_folds=5, model='uoLasso', cv='blocks', proc_type='minProc', profile=False, fc_data_path='/pscratch/sd/m/mphagen/hcp-functional-connectivity', max_iter=1000)
Found 1 rest scans for subject 130114.
Saving results to /pscratch/sd/m/mphagen/hcp-functional-connectivity/derivatives/connectivity-matrices/minProc/uoLasso_blocks/sub-130114.
113417
Namespace(sub_id='113417', ses_id='1', task_id='rest', atlas_spec='fsLR_seg-4S156Parcels_den-91k', n_rois=100, n_trs=1200, n_folds=5, model='uoLasso', cv='blocks', proc_type='minProc', profile=False, fc_data_path='/pscratch/sd/m/mphagen/hcp-functional-connectivity', max_iter=1000)
Found 1 rest scans for subject 113417.
Saving results to /pscratch/sd/m/mphagen/hcp-functional-connectivity/derivatives/connectivity-matrices/minProc/uoLasso_blocks/sub-113417.
677766
Namespace(sub_id='677766', ses_id='1', task_id='rest', atlas_spec='fsLR_seg-4S156Parcels_den-91k', n_rois=100, n_trs=1200, n_folds=5, model='uoLasso', cv='blocks', proc_type='minProc', profile=False, fc_data_path='/pscratch/sd/m/mphagen/hcp-functional-connectivity', max_iter=1000)
Found 1 rest scans for subject 677766.
Saving results to /pscratch/sd/m/mphagen/hcp-functional-connectivity/derivatives/connectivity-matrices/minProc/uoLasso_blocks/sub-677766.
173233
Namespace(sub_id='173233', ses_id='1', task_id='rest', atlas_spec='fsLR_seg-4S156Parcels_den-91k', n_rois=100, n_trs=1200, n_folds=5, model='uoLasso', cv='blocks', proc_type='minProc', profile=False, fc_data_path='/pscratch/sd/m/mphagen/hcp-functional-connectivity', max_iter=1000)
202113
Namespace(sub_id='202113', ses_id='1', task_id='rest', atlas_spec='fsLR_seg-4S156Parcels_den-91k', n_rois=100, n_trs=1200, n_folds=5, model='uoLasso', cv='blocks', proc_type='minProc', profile=False, fc_data_path='/pscratch/sd/m/mphagen/hcp-functional-connectivity', max_iter=1000)
Found 1 rest scans for subject 202113.
Saving results to /pscratch/sd/m/mphagen/hcp-functional-connectivity/derivatives/connectivity-matrices/minProc/uoLasso_blocks/sub-202113.
105014
Namespace(sub_id='105014', ses_id='1', task_id='rest', atlas_spec='fsLR_seg-4S156Parcels_den-91k', n_rois=100, n_trs=1200, n_folds=5, model='uoLasso', cv='blocks', proc_type='minProc', profile=False, fc_data_path='/pscratch/sd/m/mphagen/hcp-functional-connectivity', max_iter=1000)
Found 1 rest scans for subject 105014.
Saving results to /pscratch/sd/m/mphagen/hcp-functional-connectivity/derivatives/connectivity-matrices/minProc/uoLasso_blocks/sub-105014.
662551
Namespace(sub_id='662551', ses_id='1', task_id='rest', atlas_spec='fsLR_seg-4S156Parcels_den-91k', n_rois=100, n_trs=1200, n_folds=5, model='uoLasso', cv='blocks', proc_type='minProc', profile=False, fc_data_path='/pscratch/sd/m/mphagen/hcp-functional-connectivity', max_iter=1000)
Found 1 rest scans for subject 662551.
Saving results to /pscratch/sd/m/mphagen/hcp-functional-connectivity/derivatives/connectivity-matrices/minProc/uoLasso_blocks/sub-662551.
300719
Namespace(sub_id='300719', ses_id='1', task_id='rest', atlas_spec='fsLR_seg-4S156Parcels_den-91k', n_rois=100, n_trs=1200, n_folds=5, model='uoLasso', cv='blocks', proc_type='minProc', profile=False, fc_data_path='/pscratch/sd/m/mphagen/hcp-functional-connectivity', max_iter=1000)
Found 1 rest scans for subject 300719.
Saving results to /pscratch/sd/m/mphagen/hcp-functional-connectivity/derivatives/connectivity-matrices/minProc/uoLasso_blocks/sub-300719.
117930
Namespace(sub_id='117930', ses_id='1', task_id='rest', atlas_spec='fsLR_seg-4S156Parcels_den-91k', n_rois=100, n_trs=1200, n_folds=5, model='uoLasso', cv='blocks', proc_type='minProc', profile=False, fc_data_path='/pscratch/sd/m/mphagen/hcp-functional-connectivity', max_iter=1000)
Found 1 rest scans for subject 117930.
Saving results to /pscratch/sd/m/mphagen/hcp-functional-connectivity/derivatives/connectivity-matrices/minProc/uoLasso_blocks/sub-117930.
882161
Namespace(sub_id='882161', ses_id='1', task_id='rest', atlas_spec='fsLR_seg-4S156Parcels_den-91k', n_rois=100, n_trs=1200, n_folds=5, model='uoLasso', cv='blocks', proc_type='minProc', profile=False, fc_data_path='/pscratch/sd/m/mphagen/hcp-functional-connectivity', max_iter=1000)
Found 1 rest scans for subject 882161.
Saving results to /pscratch/sd/m/mphagen/hcp-functional-connectivity/derivatives/connectivity-matrices/minProc/uoLasso_blocks/sub-882161.
134728
Namespace(sub_id='134728', ses_id='1', task_id='rest', atlas_spec='fsLR_seg-4S156Parcels_den-91k', n_rois=100, n_trs=1200, n_folds=5, model='uoLasso', cv='blocks', proc_type='minProc', profile=False, fc_data_path='/pscratch/sd/m/mphagen/hcp-functional-connectivity', max_iter=1000)
Found 1 rest scans for subject 134728.
Saving results to /pscratch/sd/m/mphagen/hcp-functional-connectivity/derivatives/connectivity-matrices/minProc/uoLasso_blocks/sub-134728.
597869
Namespace(sub_id='597869', ses_id='1', task_id='rest', atlas_spec='fsLR_seg-4S156Parcels_den-91k', n_rois=100, n_trs=1200, n_folds=5, model='uoLasso', cv='blocks', proc_type='minProc', profile=False, fc_data_path='/pscratch/sd/m/mphagen/hcp-functional-connectivity', max_iter=1000)
Found 1 rest scans for subject 597869.
Saving results to /pscratch/sd/m/mphagen/hcp-functional-connectivity/derivatives/connectivity-matrices/minProc/uoLasso_blocks/sub-597869.
149236
Namespace(sub_id='149236', ses_id='1', task_id='rest', atlas_spec='fsLR_seg-4S156Parcels_den-91k', n_rois=100, n_trs=1200, n_folds=5, model='uoLasso', cv='blocks', proc_type='minProc', profile=False, fc_data_path='/pscratch/sd/m/mphagen/hcp-functional-connectivity', max_iter=1000)
Found 1 rest scans for subject 149236.
Saving results to /pscratch/sd/m/mphagen/hcp-functional-connectivity/derivatives/connectivity-matrices/minProc/uoLasso_blocks/sub-149236.
336841
Namespace(sub_id='336841', ses_id='1', task_id='rest', atlas_spec='fsLR_seg-4S156Parcels_den-91k', n_rois=100, n_trs=1200, n_folds=5, model='uoLasso', cv='blocks', proc_type='minProc', profile=False, fc_data_path='/pscratch/sd/m/mphagen/hcp-functional-connectivity', max_iter=1000)
Found 1 rest scans for subject 336841.
Saving results to /pscratch/sd/m/mphagen/hcp-functional-connectivity/derivatives/connectivity-matrices/minProc/uoLasso_blocks/sub-336841.
169949
Namespace(sub_id='169949', ses_id='1', task_id='rest', atlas_spec='fsLR_seg-4S156Parcels_den-91k', n_rois=100, n_trs=1200, n_folds=5, model='uoLasso', cv='blocks', proc_type='minProc', profile=False, fc_data_path='/pscratch/sd/m/mphagen/hcp-functional-connectivity', max_iter=1000)
Found 1 rest scans for subject 169949.
Saving results to /pscratch/sd/m/mphagen/hcp-functional-connectivity/derivatives/connectivity-matrices/minProc/uoLasso_blocks/sub-169949.
208428
Namespace(sub_id='208428', ses_id='1', task_id='rest', atlas_spec='fsLR_seg-4S156Parcels_den-91k', n_rois=100, n_trs=1200, n_folds=5, model='uoLasso', cv='blocks', proc_type='minProc', profile=False, fc_data_path='/pscratch/sd/m/mphagen/hcp-functional-connectivity', max_iter=1000)
Found 1 rest scans for subject 208428.
Saving results to /pscratch/sd/m/mphagen/hcp-functional-connectivity/derivatives/connectivity-matrices/minProc/uoLasso_blocks/sub-208428.
531536
Namespace(sub_id='531536', ses_id='1', task_id='rest', atlas_spec='fsLR_seg-4S156Parcels_den-91k', n_rois=100, n_trs=1200, n_folds=5, model='uoLasso', cv='blocks', proc_type='minProc', profile=False, fc_data_path='/pscratch/sd/m/mphagen/hcp-functional-connectivity', max_iter=1000)
Found 1 rest scans for subject 531536.
Saving results to /pscratch/sd/m/mphagen/hcp-functional-connectivity/derivatives/connectivity-matrices/minProc/uoLasso_blocks/sub-531536.
770352
Namespace(sub_id='770352', ses_id='1', task_id='rest', atlas_spec='fsLR_seg-4S156Parcels_den-91k', n_rois=100, n_trs=1200, n_folds=5, model='uoLasso', cv='blocks', proc_type='minProc', profile=False, fc_data_path='/pscratch/sd/m/mphagen/hcp-functional-connectivity', max_iter=1000)
Found 1 rest scans for subject 770352.
Saving results to /pscratch/sd/m/mphagen/hcp-functional-connectivity/derivatives/connectivity-matrices/minProc/uoLasso_blocks/sub-770352.
153126
Namespace(sub_id='153126', ses_id='1', task_id='rest', atlas_spec='fsLR_seg-4S156Parcels_den-91k', n_rois=100, n_trs=1200, n_folds=5, model='uoLasso', cv='blocks', proc_type='minProc', profile=False, fc_data_path='/pscratch/sd/m/mphagen/hcp-functional-connectivity', max_iter=1000)
Found 1 rest scans for subject 153126.
Saving results to /pscratch/sd/m/mphagen/hcp-functional-connectivity/derivatives/connectivity-matrices/minProc/uoLasso_blocks/sub-153126.
908860
Namespace(sub_id='908860', ses_id='1', task_id='rest', atlas_spec='fsLR_seg-4S156Parcels_den-91k', n_rois=100, n_trs=1200, n_folds=5, model='uoLasso', cv='blocks', proc_type='minProc', profile=False, fc_data_path='/pscratch/sd/m/mphagen/hcp-functional-connectivity', max_iter=1000)
Found 1 rest scans for subject 908860.
Saving results to /pscratch/sd/m/mphagen/hcp-functional-connectivity/derivatives/connectivity-matrices/minProc/uoLasso_blocks/sub-908860.
521331
Namespace(sub_id='521331', ses_id='1', task_id='rest', atlas_spec='fsLR_seg-4S156Parcels_den-91k', n_rois=100, n_trs=1200, n_folds=5, model='uoLasso', cv='blocks', proc_type='minProc', profile=False, fc_data_path='/pscratch/sd/m/mphagen/hcp-functional-connectivity', max_iter=1000)
Found 1 rest scans for subject 521331.
Saving results to /pscratch/sd/m/mphagen/hcp-functional-connectivity/derivatives/connectivity-matrices/minProc/uoLasso_blocks/sub-521331.
176239
Namespace(sub_id='176239', ses_id='1', task_id='rest', atlas_spec='fsLR_seg-4S156Parcels_den-91k', n_rois=100, n_trs=1200, n_folds=5, model='uoLasso', cv='blocks', proc_type='minProc', profile=False, fc_data_path='/pscratch/sd/m/mphagen/hcp-functional-connectivity', max_iter=1000)
Found 1 rest scans for subject 176239.
Saving results to /pscratch/sd/m/mphagen/hcp-functional-connectivity/derivatives/connectivity-matrices/minProc/uoLasso_blocks/sub-176239.
979984
Namespace(sub_id='979984', ses_id='1', task_id='rest', atlas_spec='fsLR_seg-4S156Parcels_den-91k', n_rois=100, n_trs=1200, n_folds=5, model='uoLasso', cv='blocks', proc_type='minProc', profile=False, fc_data_path='/pscratch/sd/m/mphagen/hcp-functional-connectivity', max_iter=1000)
Found 1 rest scans for subject 979984.
Saving results to /pscratch/sd/m/mphagen/hcp-functional-connectivity/derivatives/connectivity-matrices/minProc/uoLasso_blocks/sub-979984.
231928
Namespace(sub_id='231928', ses_id='1', task_id='rest', atlas_spec='fsLR_seg-4S156Parcels_den-91k', n_rois=100, n_trs=1200, n_folds=5, model='uoLasso', cv='blocks', proc_type='minProc', profile=False, fc_data_path='/pscratch/sd/m/mphagen/hcp-functional-connectivity', max_iter=1000)
Found 1 rest scans for subject 231928.
Saving results to /pscratch/sd/m/mphagen/hcp-functional-connectivity/derivatives/connectivity-matrices/minProc/uoLasso_blocks/sub-231928.
103010
Namespace(sub_id='103010', ses_id='1', task_id='rest', atlas_spec='fsLR_seg-4S156Parcels_den-91k', n_rois=100, n_trs=1200, n_folds=5, model='uoLasso', cv='blocks', proc_type='minProc', profile=False, fc_data_path='/pscratch/sd/m/mphagen/hcp-functional-connectivity', max_iter=1000)
Found 1 rest scans for subject 103010.
Saving results to /pscratch/sd/m/mphagen/hcp-functional-connectivity/derivatives/connectivity-matrices/minProc/uoLasso_blocks/sub-103010.
176744
Namespace(sub_id='176744', ses_id='1', task_id='rest', atlas_spec='fsLR_seg-4S156Parcels_den-91k', n_rois=100, n_trs=1200, n_folds=5, model='uoLasso', cv='blocks', proc_type='minProc', profile=False, fc_data_path='/pscratch/sd/m/mphagen/hcp-functional-connectivity', max_iter=1000)
Found 1 rest scans for subject 176744.
Saving results to /pscratch/sd/m/mphagen/hcp-functional-connectivity/derivatives/connectivity-matrices/minProc/uoLasso_blocks/sub-176744.
333330
Namespace(sub_id='333330', ses_id='1', task_id='rest', atlas_spec='fsLR_seg-4S156Parcels_den-91k', n_rois=100, n_trs=1200, n_folds=5, model='uoLasso', cv='blocks', proc_type='minProc', profile=False, fc_data_path='/pscratch/sd/m/mphagen/hcp-functional-connectivity', max_iter=1000)
Found 1 rest scans for subject 333330.
Saving results to /pscratch/sd/m/mphagen/hcp-functional-connectivity/derivatives/connectivity-matrices/minProc/uoLasso_blocks/sub-333330.
208630
Namespace(sub_id='208630', ses_id='1', task_id='rest', atlas_spec='fsLR_seg-4S156Parcels_den-91k', n_rois=100, n_trs=1200, n_folds=5, model='uoLasso', cv='blocks', proc_type='minProc', profile=False, fc_data_path='/pscratch/sd/m/mphagen/hcp-functional-connectivity', max_iter=1000)
Found 1 rest scans for subject 208630.
Saving results to /pscratch/sd/m/mphagen/hcp-functional-connectivity/derivatives/connectivity-matrices/minProc/uoLasso_blocks/sub-208630.
159138
Namespace(sub_id='159138', ses_id='1', task_id='rest', atlas_spec='fsLR_seg-4S156Parcels_den-91k', n_rois=100, n_trs=1200, n_folds=5, model='uoLasso', cv='blocks', proc_type='minProc', profile=False, fc_data_path='/pscratch/sd/m/mphagen/hcp-functional-connectivity', max_iter=1000)
Found 1 rest scans for subject 159138.
Saving results to /pscratch/sd/m/mphagen/hcp-functional-connectivity/derivatives/connectivity-matrices/minProc/uoLasso_blocks/sub-159138.
174841
Namespace(sub_id='174841', ses_id='1', task_id='rest', atlas_spec='fsLR_seg-4S156Parcels_den-91k', n_rois=100, n_trs=1200, n_folds=5, model='uoLasso', cv='blocks', proc_type='minProc', profile=False, fc_data_path='/pscratch/sd/m/mphagen/hcp-functional-connectivity', max_iter=1000)
Found 1 rest scans for subject 174841.
Saving results to /pscratch/sd/m/mphagen/hcp-functional-connectivity/derivatives/connectivity-matrices/minProc/uoLasso_blocks/sub-174841.
959574
Namespace(sub_id='959574', ses_id='1', task_id='rest', atlas_spec='fsLR_seg-4S156Parcels_den-91k', n_rois=100, n_trs=1200, n_folds=5, model='uoLasso', cv='blocks', proc_type='minProc', profile=False, fc_data_path='/pscratch/sd/m/mphagen/hcp-functional-connectivity', max_iter=1000)
Found 1 rest scans for subject 959574.
Saving results to /pscratch/sd/m/mphagen/hcp-functional-connectivity/derivatives/connectivity-matrices/minProc/uoLasso_blocks/sub-959574.
887373
Namespace(sub_id='887373', ses_id='1', task_id='rest', atlas_spec='fsLR_seg-4S156Parcels_den-91k', n_rois=100, n_trs=1200, n_folds=5, model='uoLasso', cv='blocks', proc_type='minProc', profile=False, fc_data_path='/pscratch/sd/m/mphagen/hcp-functional-connectivity', max_iter=1000)
Found 1 rest scans for subject 887373.
Saving results to /pscratch/sd/m/mphagen/hcp-functional-connectivity/derivatives/connectivity-matrices/minProc/uoLasso_blocks/sub-887373.
156031
Namespace(sub_id='156031', ses_id='1', task_id='rest', atlas_spec='fsLR_seg-4S156Parcels_den-91k', n_rois=100, n_trs=1200, n_folds=5, model='uoLasso', cv='blocks', proc_type='minProc', profile=False, fc_data_path='/pscratch/sd/m/mphagen/hcp-functional-connectivity', max_iter=1000)
Found 1 rest scans for subject 156031.
Saving results to /pscratch/sd/m/mphagen/hcp-functional-connectivity/derivatives/connectivity-matrices/minProc/uoLasso_blocks/sub-156031.
837560
Namespace(sub_id='837560', ses_id='1', task_id='rest', atlas_spec='fsLR_seg-4S156Parcels_den-91k', n_rois=100, n_trs=1200, n_folds=5, model='uoLasso', cv='blocks', proc_type='minProc', profile=False, fc_data_path='/pscratch/sd/m/mphagen/hcp-functional-connectivity', max_iter=1000)
Found 1 rest scans for subject 837560.
Saving results to /pscratch/sd/m/mphagen/hcp-functional-connectivity/derivatives/connectivity-matrices/minProc/uoLasso_blocks/sub-837560.
107018
Namespace(sub_id='107018', ses_id='1', task_id='rest', atlas_spec='fsLR_seg-4S156Parcels_den-91k', n_rois=100, n_trs=1200, n_folds=5, model='uoLasso', cv='blocks', proc_type='minProc', profile=False, fc_data_path='/pscratch/sd/m/mphagen/hcp-functional-connectivity', max_iter=1000)
Found 1 rest scans for subject 107018.
Saving results to /pscratch/sd/m/mphagen/hcp-functional-connectivity/derivatives/connectivity-matrices/minProc/uoLasso_blocks/sub-107018.
356948
Namespace(sub_id='356948', ses_id='1', task_id='rest', atlas_spec='fsLR_seg-4S156Parcels_den-91k', n_rois=100, n_trs=1200, n_folds=5, model='uoLasso', cv='blocks', proc_type='minProc', profile=False, fc_data_path='/pscratch/sd/m/mphagen/hcp-functional-connectivity', max_iter=1000)
Found 1 rest scans for subject 356948.
Saving results to /pscratch/sd/m/mphagen/hcp-functional-connectivity/derivatives/connectivity-matrices/minProc/uoLasso_blocks/sub-356948.
197651
Namespace(sub_id='197651', ses_id='1', task_id='rest', atlas_spec='fsLR_seg-4S156Parcels_den-91k', n_rois=100, n_trs=1200, n_folds=5, model='uoLasso', cv='blocks', proc_type='minProc', profile=False, fc_data_path='/pscratch/sd/m/mphagen/hcp-functional-connectivity', max_iter=1000)
Found 1 rest scans for subject 197651.
Saving results to /pscratch/sd/m/mphagen/hcp-functional-connectivity/derivatives/connectivity-matrices/minProc/uoLasso_blocks/sub-197651.
352738
Namespace(sub_id='352738', ses_id='1', task_id='rest', atlas_spec='fsLR_seg-4S156Parcels_den-91k', n_rois=100, n_trs=1200, n_folds=5, model='uoLasso', cv='blocks', proc_type='minProc', profile=False, fc_data_path='/pscratch/sd/m/mphagen/hcp-functional-connectivity', max_iter=1000)
Found 1 rest scans for subject 352738.
Saving results to /pscratch/sd/m/mphagen/hcp-functional-connectivity/derivatives/connectivity-matrices/minProc/uoLasso_blocks/sub-352738.
204420
Namespace(sub_id='204420', ses_id='1', task_id='rest', atlas_spec='fsLR_seg-4S156Parcels_den-91k', n_rois=100, n_trs=1200, n_folds=5, model='uoLasso', cv='blocks', proc_type='minProc', profile=False, fc_data_path='/pscratch/sd/m/mphagen/hcp-functional-connectivity', max_iter=1000)
Found 1 rest scans for subject 204420.
Saving results to /pscratch/sd/m/mphagen/hcp-functional-connectivity/derivatives/connectivity-matrices/minProc/uoLasso_blocks/sub-204420.
126931
Namespace(sub_id='126931', ses_id='1', task_id='rest', atlas_spec='fsLR_seg-4S156Parcels_den-91k', n_rois=100, n_trs=1200, n_folds=5, model='uoLasso', cv='blocks', proc_type='minProc', profile=False, fc_data_path='/pscratch/sd/m/mphagen/hcp-functional-connectivity', max_iter=1000)
195849
Namespace(sub_id='195849', ses_id='1', task_id='rest', atlas_spec='fsLR_seg-4S156Parcels_den-91k', n_rois=100, n_trs=1200, n_folds=5, model='uoLasso', cv='blocks', proc_type='minProc', profile=False, fc_data_path='/pscratch/sd/m/mphagen/hcp-functional-connectivity', max_iter=1000)
Found 1 rest scans for subject 195849.
Saving results to /pscratch/sd/m/mphagen/hcp-functional-connectivity/derivatives/connectivity-matrices/minProc/uoLasso_blocks/sub-195849.
162935
Namespace(sub_id='162935', ses_id='1', task_id='rest', atlas_spec='fsLR_seg-4S156Parcels_den-91k', n_rois=100, n_trs=1200, n_folds=5, model='uoLasso', cv='blocks', proc_type='minProc', profile=False, fc_data_path='/pscratch/sd/m/mphagen/hcp-functional-connectivity', max_iter=1000)
Found 1 rest scans for subject 162935.
Saving results to /pscratch/sd/m/mphagen/hcp-functional-connectivity/derivatives/connectivity-matrices/minProc/uoLasso_blocks/sub-162935.
590047
Namespace(sub_id='590047', ses_id='1', task_id='rest', atlas_spec='fsLR_seg-4S156Parcels_den-91k', n_rois=100, n_trs=1200, n_folds=5, model='uoLasso', cv='blocks', proc_type='minProc', profile=False, fc_data_path='/pscratch/sd/m/mphagen/hcp-functional-connectivity', max_iter=1000)
Found 1 rest scans for subject 590047.
Saving results to /pscratch/sd/m/mphagen/hcp-functional-connectivity/derivatives/connectivity-matrices/minProc/uoLasso_blocks/sub-590047.
154835
Namespace(sub_id='154835', ses_id='1', task_id='rest', atlas_spec='fsLR_seg-4S156Parcels_den-91k', n_rois=100, n_trs=1200, n_folds=5, model='uoLasso', cv='blocks', proc_type='minProc', profile=False, fc_data_path='/pscratch/sd/m/mphagen/hcp-functional-connectivity', max_iter=1000)
Found 1 rest scans for subject 154835.
Saving results to /pscratch/sd/m/mphagen/hcp-functional-connectivity/derivatives/connectivity-matrices/minProc/uoLasso_blocks/sub-154835.
196851
Namespace(sub_id='196851', ses_id='1', task_id='rest', atlas_spec='fsLR_seg-4S156Parcels_den-91k', n_rois=100, n_trs=1200, n_folds=5, model='uoLasso', cv='blocks', proc_type='minProc', profile=False, fc_data_path='/pscratch/sd/m/mphagen/hcp-functional-connectivity', max_iter=1000)
Found 1 rest scans for subject 196851.
Saving results to /pscratch/sd/m/mphagen/hcp-functional-connectivity/derivatives/connectivity-matrices/minProc/uoLasso_blocks/sub-196851.
856463
Namespace(sub_id='856463', ses_id='1', task_id='rest', atlas_spec='fsLR_seg-4S156Parcels_den-91k', n_rois=100, n_trs=1200, n_folds=5, model='uoLasso', cv='blocks', proc_type='minProc', profile=False, fc_data_path='/pscratch/sd/m/mphagen/hcp-functional-connectivity', max_iter=1000)
Found 1 rest scans for subject 856463.
Saving results to /pscratch/sd/m/mphagen/hcp-functional-connectivity/derivatives/connectivity-matrices/minProc/uoLasso_blocks/sub-856463.
188549
Namespace(sub_id='188549', ses_id='1', task_id='rest', atlas_spec='fsLR_seg-4S156Parcels_den-91k', n_rois=100, n_trs=1200, n_folds=5, model='uoLasso', cv='blocks', proc_type='minProc', profile=False, fc_data_path='/pscratch/sd/m/mphagen/hcp-functional-connectivity', max_iter=1000)
Found 1 rest scans for subject 188549.
Saving results to /pscratch/sd/m/mphagen/hcp-functional-connectivity/derivatives/connectivity-matrices/minProc/uoLasso_blocks/sub-188549.
761957
Namespace(sub_id='761957', ses_id='1', task_id='rest', atlas_spec='fsLR_seg-4S156Parcels_den-91k', n_rois=100, n_trs=1200, n_folds=5, model='uoLasso', cv='blocks', proc_type='minProc', profile=False, fc_data_path='/pscratch/sd/m/mphagen/hcp-functional-connectivity', max_iter=1000)
Found 1 rest scans for subject 761957.
Saving results to /pscratch/sd/m/mphagen/hcp-functional-connectivity/derivatives/connectivity-matrices/minProc/uoLasso_blocks/sub-761957.
871762
Namespace(sub_id='871762', ses_id='1', task_id='rest', atlas_spec='fsLR_seg-4S156Parcels_den-91k', n_rois=100, n_trs=1200, n_folds=5, model='uoLasso', cv='blocks', proc_type='minProc', profile=False, fc_data_path='/pscratch/sd/m/mphagen/hcp-functional-connectivity', max_iter=1000)
Found 1 rest scans for subject 871762.
Saving results to /pscratch/sd/m/mphagen/hcp-functional-connectivity/derivatives/connectivity-matrices/minProc/uoLasso_blocks/sub-871762.
870861
Namespace(sub_id='870861', ses_id='1', task_id='rest', atlas_spec='fsLR_seg-4S156Parcels_den-91k', n_rois=100, n_trs=1200, n_folds=5, model='uoLasso', cv='blocks', proc_type='minProc', profile=False, fc_data_path='/pscratch/sd/m/mphagen/hcp-functional-connectivity', max_iter=1000)
Found 1 rest scans for subject 870861.
Saving results to /pscratch/sd/m/mphagen/hcp-functional-connectivity/derivatives/connectivity-matrices/minProc/uoLasso_blocks/sub-870861.
867468
Namespace(sub_id='867468', ses_id='1', task_id='rest', atlas_spec='fsLR_seg-4S156Parcels_den-91k', n_rois=100, n_trs=1200, n_folds=5, model='uoLasso', cv='blocks', proc_type='minProc', profile=False, fc_data_path='/pscratch/sd/m/mphagen/hcp-functional-connectivity', max_iter=1000)
Found 1 rest scans for subject 867468.
Saving results to /pscratch/sd/m/mphagen/hcp-functional-connectivity/derivatives/connectivity-matrices/minProc/uoLasso_blocks/sub-867468.
130013
Namespace(sub_id='130013', ses_id='1', task_id='rest', atlas_spec='fsLR_seg-4S156Parcels_den-91k', n_rois=100, n_trs=1200, n_folds=5, model='uoLasso', cv='blocks', proc_type='minProc', profile=False, fc_data_path='/pscratch/sd/m/mphagen/hcp-functional-connectivity', max_iter=1000)
Found 1 rest scans for subject 130013.
Saving results to /pscratch/sd/m/mphagen/hcp-functional-connectivity/derivatives/connectivity-matrices/minProc/uoLasso_blocks/sub-130013.
118225
Namespace(sub_id='118225', ses_id='1', task_id='rest', atlas_spec='fsLR_seg-4S156Parcels_den-91k', n_rois=100, n_trs=1200, n_folds=5, model='uoLasso', cv='blocks', proc_type='minProc', profile=False, fc_data_path='/pscratch/sd/m/mphagen/hcp-functional-connectivity', max_iter=1000)
Found 1 rest scans for subject 118225.
Saving results to /pscratch/sd/m/mphagen/hcp-functional-connectivity/derivatives/connectivity-matrices/minProc/uoLasso_blocks/sub-118225.
406432
Namespace(sub_id='406432', ses_id='1', task_id='rest', atlas_spec='fsLR_seg-4S156Parcels_den-91k', n_rois=100, n_trs=1200, n_folds=5, model='uoLasso', cv='blocks', proc_type='minProc', profile=False, fc_data_path='/pscratch/sd/m/mphagen/hcp-functional-connectivity', max_iter=1000)
Found 1 rest scans for subject 406432.
Saving results to /pscratch/sd/m/mphagen/hcp-functional-connectivity/derivatives/connectivity-matrices/minProc/uoLasso_blocks/sub-406432.
129533
Namespace(sub_id='129533', ses_id='1', task_id='rest', atlas_spec='fsLR_seg-4S156Parcels_den-91k', n_rois=100, n_trs=1200, n_folds=5, model='uoLasso', cv='blocks', proc_type='minProc', profile=False, fc_data_path='/pscratch/sd/m/mphagen/hcp-functional-connectivity', max_iter=1000)
Found 1 rest scans for subject 129533.
Saving results to /pscratch/sd/m/mphagen/hcp-functional-connectivity/derivatives/connectivity-matrices/minProc/uoLasso_blocks/sub-129533.
601127
Namespace(sub_id='601127', ses_id='1', task_id='rest', atlas_spec='fsLR_seg-4S156Parcels_den-91k', n_rois=100, n_trs=1200, n_folds=5, model='uoLasso', cv='blocks', proc_type='minProc', profile=False, fc_data_path='/pscratch/sd/m/mphagen/hcp-functional-connectivity', max_iter=1000)
Found 1 rest scans for subject 601127.
Saving results to /pscratch/sd/m/mphagen/hcp-functional-connectivity/derivatives/connectivity-matrices/minProc/uoLasso_blocks/sub-601127.
111413
Namespace(sub_id='111413', ses_id='1', task_id='rest', atlas_spec='fsLR_seg-4S156Parcels_den-91k', n_rois=100, n_trs=1200, n_folds=5, model='uoLasso', cv='blocks', proc_type='minProc', profile=False, fc_data_path='/pscratch/sd/m/mphagen/hcp-functional-connectivity', max_iter=1000)
Found 1 rest scans for subject 111413.
Saving results to /pscratch/sd/m/mphagen/hcp-functional-connectivity/derivatives/connectivity-matrices/minProc/uoLasso_blocks/sub-111413.
579665
Namespace(sub_id='579665', ses_id='1', task_id='rest', atlas_spec='fsLR_seg-4S156Parcels_den-91k', n_rois=100, n_trs=1200, n_folds=5, model='uoLasso', cv='blocks', proc_type='minProc', profile=False, fc_data_path='/pscratch/sd/m/mphagen/hcp-functional-connectivity', max_iter=1000)
Found 1 rest scans for subject 579665.
Saving results to /pscratch/sd/m/mphagen/hcp-functional-connectivity/derivatives/connectivity-matrices/minProc/uoLasso_blocks/sub-579665.
454140
Namespace(sub_id='454140', ses_id='1', task_id='rest', atlas_spec='fsLR_seg-4S156Parcels_den-91k', n_rois=100, n_trs=1200, n_folds=5, model='uoLasso', cv='blocks', proc_type='minProc', profile=False, fc_data_path='/pscratch/sd/m/mphagen/hcp-functional-connectivity', max_iter=1000)
Found 1 rest scans for subject 454140.
Saving results to /pscratch/sd/m/mphagen/hcp-functional-connectivity/derivatives/connectivity-matrices/minProc/uoLasso_blocks/sub-454140.




























