#!/bin/bash
#SBATCH --qos=shared
#SBATCH --time=10:00:00
#SBATCH --constraint=cpu
#SBATCH --ntasks=1
#SBATCH --job-name=shared
#SBATCH --array=1-100
#SBATCH --cpus-per-task=2
#SBATCH --error logs/%A_%a.error
#SBATCH --out logs/%A_%a.out
#SBATCH --account=m1266

#SBATCH --mail-type=ALL
#SBATCH --mail-user=mphagen@uw.edu

#activate conda envs
source /global/homes/m/mphagen/.bashrc
conda activate fc_py311

#variable definition
script="/global/homes/m/mphagen/functional-connectivity/connectome-comparison/scripts/processing/calc_fc.py"
subject_file="/global/homes/m/mphagen/functional-connectivity/connectome-comparison/data/test_subjects.txt"

cat $0

subject_id=$( sed -n $(($SLURM_ARRAY_TASK_ID))p $subject_file )
echo $subject_id

srun --cpu-bind=cores --cpus-per-task=2 python $script --sub_id $subject_id --model 'uoiLasso' --ses_id 'ses-1'



793465
Namespace(sub_id='793465', ses_id='1', task_id='rest', atlas_spec='fsLR_seg-4S156Parcels_den-91k', n_rois=100, n_trs=1200, n_folds=5, model='uoiLasso', cv='blocks', proc_type='minProc', profile=False, fc_data_path='/pscratch/sd/m/mphagen/hcp-functional-connectivity', max_iter=1000)
