/global/common/software/nersc9/jupyter/ex/25-06/nersc-utils:/global/homes/m/mphagen/miniconda3/envs/fc_py311/bin:/global/homes/m/mphagen/miniconda3/condabin:/opt/nersc/pe/bin:/global/common/software/nersc/bin:/global/common/software/nersc9/darshan/default/bin:/global/common/software/nersc9/sqs/2.0/bin:/opt/nvidia/hpc_sdk/Linux_x86_64/24.5/cuda/12.4/compute-sanitizer:/opt/nvidia/hpc_sdk/Linux_x86_64/24.5/cuda/12.4/bin:/opt/nvidia/hpc_sdk/Linux_x86_64/24.5/cuda/12.4/libnvvp:/opt/nvidia/hpc_sdk/Linux_x86_64/24.5/profilers/Nsight_Compute:/opt/nvidia/hpc_sdk/Linux_x86_64/24.5/profilers/Nsight_Systems/bin:/opt/cray/pe/perftools/24.07.0/bin:/opt/cray/pe/papi/7.1.0.2/bin:/opt/cray/pe/gcc-native/13/bin:/opt/cray/pe/craype/2.7.32/bin:/opt/cray/pe/mpich/8.1.30/ofi/gnu/12.3/bin:/opt/cray/pe/mpich/8.1.30/bin:/opt/cray/libfabric/1.20.1/bin:/global/homes/m/mphagen/bin:/usr/local/bin:/usr/bin:/bin:/usr/lib/mit/bin:/opt/cray/pe/bin:/opt/workbench/bin_linux64:/opt/workbench/bin_linux64:/opt/workbench/bin_linux64
#!/bin/bash
#SBATCH --qos=debug
#SBATCH --time=30:00
#SBATCH --constraint=cpu
#SBATCH --array=1 #1-100%150
#SBATCH --error logs/lasso_%A_%a.error
#SBATCH --out logs/lasso_%A_%a.out
#SBATCH --account=m1266
#SBATCH --nodes=1
#SBATCH --ntasks=100

source /global/homes/m/mphagen/.bash_profile
conda activate fc_py311

script="/global/homes/m/mphagen/functional-connectivity/connectome-comparison/scripts/processing/calc_fc.py"
subject_file="/global/homes/m/mphagen/functional-connectivity/connectome-comparison/data/test_subjects.txt"

echo $PATH

cat $0 

idx=$(( $SLURM_ARRAY_TASK_ID )) 


for i in {0..100}; do

    sub_id=$( sed -n $(($idx+$i))p $subject_file )
    echo $sub_id
    srun -n 1 -c 2 python $script --sub_id $sub_id --ses_id 2 --model 'lasso-bic' --proc_type 'xcp-d' &  

done
wait



102109
930449
342129
159441
205220
673455
204521
130316
134425
141422
175237
704238
680250
552241
406836
139637
107321
793465
368753
136732
899885
353740
180533
788674
485757
176037
160729
513736
947668
102311
822244
919966
826454
878877
559053
937160
742549
635245
118932
130417
341834
130114
113417
677766
173233
202113
105014
662551
300719
117930
882161
134728
597869
149236
336841
169949
208428
531536
770352
153126
908860
521331
176239
979984
231928
103010
176744
333330
208630
159138
174841
959574
887373
156031
837560
107018
356948
197651
352738
204420
126931
195849
162935
590047
154835
196851
856463
188549
761957
871762
870861
867468
130013
118225
406432
129533
601127
111413
579665
454140

Namespace(sub_id='141422', ses_id='2', task_id='rest', atlas_spec='fsLR_seg-4S156Parcels_den-91k', n_rois=100, n_trs=1200, n_folds=5, model='lasso-bic', cv='blocks', proc_type='xcp-d', profile=False, fc_data_path='/pscratch/sd/m/mphagen/hcp-functional-connectivity', max_iter=1000)
Namespace(sub_id='342129', ses_id='2', task_id='rest', atlas_spec='fsLR_seg-4S156Parcels_den-91k', n_rois=100, n_trs=1200, n_folds=5, model='lasso-bic', cv='blocks', proc_type='xcp-d', profile=False, fc_data_path='/pscratch/sd/m/mphagen/hcp-functional-connectivity', max_iter=1000)
Namespace(sub_id='704238', ses_id='2', task_id='rest', atlas_spec='fsLR_seg-4S156Parcels_den-91k', n_rois=100, n_trs=1200, n_folds=5, model='lasso-bic', cv='blocks', proc_type='xcp-d', profile=False, fc_data_path='/pscratch/sd/m/mphagen/hcp-functional-connectivity', max_iter=1000)
Namespace(sub_id='175237', ses_id='2', task_id='rest', atlas_spec='fsLR_seg-4S156Parcels_den-91k', n_rois=100, n_trs=1200, n_folds=5, model='lasso-bic', cv='blocks', proc_type='xcp-d', profile=False, fc_data_path='/pscratch/sd/m/mphagen/hcp-functional-connectivity', max_iter=1000)
Namespace(sub_id='134425', ses_id='2', task_id='rest', atlas_spec='fsLR_seg-4S156Parcels_den-91k', n_rois=100, n_trs=1200, n_folds=5, model='lasso-bic', cv='blocks', proc_type='xcp-d', profile=False, fc_data_path='/pscratch/sd/m/mphagen/hcp-functional-connectivity', max_iter=1000)
Namespace(sub_id='930449', ses_id='2', task_id='rest', atlas_spec='fsLR_seg-4S156Parcels_den-91k', n_rois=100, n_trs=1200, n_folds=5, model='lasso-bic', cv='blocks', proc_type='xcp-d', profile=False, fc_data_path='/pscratch/sd/m/mphagen/hcp-functional-connectivity', max_iter=1000)
Namespace(sub_id='406836', ses_id='2', task_id='rest', atlas_spec='fsLR_seg-4S156Parcels_den-91k', n_rois=100, n_trs=1200, n_folds=5, model='lasso-bic', cv='blocks', proc_type='xcp-d', profile=False, fc_data_path='/pscratch/sd/m/mphagen/hcp-functional-connectivity', max_iter=1000)
Namespace(sub_id='107321', ses_id='2', task_id='rest', atlas_spec='fsLR_seg-4S156Parcels_den-91k', n_rois=100, n_trs=1200, n_folds=5, model='lasso-bic', cv='blocks', proc_type='xcp-d', profile=False, fc_data_path='/pscratch/sd/m/mphagen/hcp-functional-connectivity', max_iter=1000)
Namespace(sub_id='130316', ses_id='2', task_id='rest', atlas_spec='fsLR_seg-4S156Parcels_den-91k', n_rois=100, n_trs=1200, n_folds=5, model='lasso-bic', cv='blocks', proc_type='xcp-d', profile=False, fc_data_path='/pscratch/sd/m/mphagen/hcp-functional-connectivity', max_iter=1000)
Namespace(sub_id='552241', ses_id='2', task_id='rest', atlas_spec='fsLR_seg-4S156Parcels_den-91k', n_rois=100, n_trs=1200, n_folds=5, model='lasso-bic', cv='blocks', proc_type='xcp-d', profile=False, fc_data_path='/pscratch/sd/m/mphagen/hcp-functional-connectivity', max_iter=1000)
Namespace(sub_id='159441', ses_id='2', task_id='rest', atlas_spec='fsLR_seg-4S156Parcels_den-91k', n_rois=100, n_trs=1200, n_folds=5, model='lasso-bic', cv='blocks', proc_type='xcp-d', profile=False, fc_data_path='/pscratch/sd/m/mphagen/hcp-functional-connectivity', max_iter=1000)
Namespace(sub_id='136732', ses_id='2', task_id='rest', atlas_spec='fsLR_seg-4S156Parcels_den-91k', n_rois=100, n_trs=1200, n_folds=5, model='lasso-bic', cv='blocks', proc_type='xcp-d', profile=False, fc_data_path='/pscratch/sd/m/mphagen/hcp-functional-connectivity', max_iter=1000)
Namespace(sub_id='139637', ses_id='2', task_id='rest', atlas_spec='fsLR_seg-4S156Parcels_den-91k', n_rois=100, n_trs=1200, n_folds=5, model='lasso-bic', cv='blocks', proc_type='xcp-d', profile=False, fc_data_path='/pscratch/sd/m/mphagen/hcp-functional-connectivity', max_iter=1000)
Namespace(sub_id='485757', ses_id='2', task_id='rest', atlas_spec='fsLR_seg-4S156Parcels_den-91k', n_rois=100, n_trs=1200, n_folds=5, model='lasso-bic', cv='blocks', proc_type='xcp-d', profile=False, fc_data_path='/pscratch/sd/m/mphagen/hcp-functional-connectivity', max_iter=1000)
Namespace(sub_id='673455', ses_id='2', task_id='rest', atlas_spec='fsLR_seg-4S156Parcels_den-91k', n_rois=100, n_trs=1200, n_folds=5, model='lasso-bic', cv='blocks', proc_type='xcp-d', profile=False, fc_data_path='/pscratch/sd/m/mphagen/hcp-functional-connectivity', max_iter=1000)
Namespace(sub_id='947668', ses_id='2', task_id='rest', atlas_spec='fsLR_seg-4S156Parcels_den-91k', n_rois=100, n_trs=1200, n_folds=5, model='lasso-bic', cv='blocks', proc_type='xcp-d', profile=False, fc_data_path='/pscratch/sd/m/mphagen/hcp-functional-connectivity', max_iter=1000)
Namespace(sub_id='205220', ses_id='2', task_id='rest', atlas_spec='fsLR_seg-4S156Parcels_den-91k', n_rois=100, n_trs=1200, n_folds=5, model='lasso-bic', cv='blocks', proc_type='xcp-d', profile=False, fc_data_path='/pscratch/sd/m/mphagen/hcp-functional-connectivity', max_iter=1000)
Namespace(sub_id='204521', ses_id='2', task_id='rest', atlas_spec='fsLR_seg-4S156Parcels_den-91k', n_rois=100, n_trs=1200, n_folds=5, model='lasso-bic', cv='blocks', proc_type='xcp-d', profile=False, fc_data_path='/pscratch/sd/m/mphagen/hcp-functional-connectivity', max_iter=1000)
Namespace(sub_id='102109', ses_id='2', task_id='rest', atlas_spec='fsLR_seg-4S156Parcels_den-91k', n_rois=100, n_trs=1200, n_folds=5, model='lasso-bic', cv='blocks', proc_type='xcp-d', profile=False, fc_data_path='/pscratch/sd/m/mphagen/hcp-functional-connectivity', max_iter=1000)
Namespace(sub_id='822244', ses_id='2', task_id='rest', atlas_spec='fsLR_seg-4S156Parcels_den-91k', n_rois=100, n_trs=1200, n_folds=5, model='lasso-bic', cv='blocks', proc_type='xcp-d', profile=False, fc_data_path='/pscratch/sd/m/mphagen/hcp-functional-connectivity', max_iter=1000)
Namespace(sub_id='919966', ses_id='2', task_id='rest', atlas_spec='fsLR_seg-4S156Parcels_den-91k', n_rois=100, n_trs=1200, n_folds=5, model='lasso-bic', cv='blocks', proc_type='xcp-d', profile=False, fc_data_path='/pscratch/sd/m/mphagen/hcp-functional-connectivity', max_iter=1000)
Namespace(sub_id='521331', ses_id='2', task_id='rest', atlas_spec='fsLR_seg-4S156Parcels_den-91k', n_rois=100, n_trs=1200, n_folds=5, model='lasso-bic', cv='blocks', proc_type='xcp-d', profile=False, fc_data_path='/pscratch/sd/m/mphagen/hcp-functional-connectivity', max_iter=1000)
Namespace(sub_id='231928', ses_id='2', task_id='rest', atlas_spec='fsLR_seg-4S156Parcels_den-91k', n_rois=100, n_trs=1200, n_folds=5, model='lasso-bic', cv='blocks', proc_type='xcp-d', profile=False, fc_data_path='/pscratch/sd/m/mphagen/hcp-functional-connectivity', max_iter=1000)
Namespace(sub_id='180533', ses_id='2', task_id='rest', atlas_spec='fsLR_seg-4S156Parcels_den-91k', n_rois=100, n_trs=1200, n_folds=5, model='lasso-bic', cv='blocks', proc_type='xcp-d', profile=False, fc_data_path='/pscratch/sd/m/mphagen/hcp-functional-connectivity', max_iter=1000)
Namespace(sub_id='793465', ses_id='2', task_id='rest', atlas_spec='fsLR_seg-4S156Parcels_den-91k', n_rois=100, n_trs=1200, n_folds=5, model='lasso-bic', cv='blocks', proc_type='xcp-d', profile=False, fc_data_path='/pscratch/sd/m/mphagen/hcp-functional-connectivity', max_iter=1000)
Namespace(sub_id='559053', ses_id='2', task_id='rest', atlas_spec='fsLR_seg-4S156Parcels_den-91k', n_rois=100, n_trs=1200, n_folds=5, model='lasso-bic', cv='blocks', proc_type='xcp-d', profile=False, fc_data_path='/pscratch/sd/m/mphagen/hcp-functional-connectivity', max_iter=1000)
Namespace(sub_id='160729', ses_id='2', task_id='rest', atlas_spec='fsLR_seg-4S156Parcels_den-91k', n_rois=100, n_trs=1200, n_folds=5, model='lasso-bic', cv='blocks', proc_type='xcp-d', profile=False, fc_data_path='/pscratch/sd/m/mphagen/hcp-functional-connectivity', max_iter=1000)
Namespace(sub_id='176037', ses_id='2', task_id='rest', atlas_spec='fsLR_seg-4S156Parcels_den-91k', n_rois=100, n_trs=1200, n_folds=5, model='lasso-bic', cv='blocks', proc_type='xcp-d', profile=False, fc_data_path='/pscratch/sd/m/mphagen/hcp-functional-connectivity', max_iter=1000)
Namespace(sub_id='117930', ses_id='2', task_id='rest', atlas_spec='fsLR_seg-4S156Parcels_den-91k', n_rois=100, n_trs=1200, n_folds=5, model='lasso-bic', cv='blocks', proc_type='xcp-d', profile=False, fc_data_path='/pscratch/sd/m/mphagen/hcp-functional-connectivity', max_iter=1000)
Namespace(sub_id='899885', ses_id='2', task_id='rest', atlas_spec='fsLR_seg-4S156Parcels_den-91k', n_rois=100, n_trs=1200, n_folds=5, model='lasso-bic', cv='blocks', proc_type='xcp-d', profile=False, fc_data_path='/pscratch/sd/m/mphagen/hcp-functional-connectivity', max_iter=1000)
Namespace(sub_id='635245', ses_id='2', task_id='rest', atlas_spec='fsLR_seg-4S156Parcels_den-91k', n_rois=100, n_trs=1200, n_folds=5, model='lasso-bic', cv='blocks', proc_type='xcp-d', profile=False, fc_data_path='/pscratch/sd/m/mphagen/hcp-functional-connectivity', max_iter=1000)
Namespace(sub_id='113417', ses_id='2', task_id='rest', atlas_spec='fsLR_seg-4S156Parcels_den-91k', n_rois=100, n_trs=1200, n_folds=5, model='lasso-bic', cv='blocks', proc_type='xcp-d', profile=False, fc_data_path='/pscratch/sd/m/mphagen/hcp-functional-connectivity', max_iter=1000)
Namespace(sub_id='353740', ses_id='2', task_id='rest', atlas_spec='fsLR_seg-4S156Parcels_den-91k', n_rois=100, n_trs=1200, n_folds=5, model='lasso-bic', cv='blocks', proc_type='xcp-d', profile=False, fc_data_path='/pscratch/sd/m/mphagen/hcp-functional-connectivity', max_iter=1000)
Namespace(sub_id='368753', ses_id='2', task_id='rest', atlas_spec='fsLR_seg-4S156Parcels_den-91k', n_rois=100, n_trs=1200, n_folds=5, model='lasso-bic', cv='blocks', proc_type='xcp-d', profile=False, fc_data_path='/pscratch/sd/m/mphagen/hcp-functional-connectivity', max_iter=1000)
Namespace(sub_id='882161', ses_id='2', task_id='rest', atlas_spec='fsLR_seg-4S156Parcels_den-91k', n_rois=100, n_trs=1200, n_folds=5, model='lasso-bic', cv='blocks', proc_type='xcp-d', profile=False, fc_data_path='/pscratch/sd/m/mphagen/hcp-functional-connectivity', max_iter=1000)
Namespace(sub_id='105014', ses_id='2', task_id='rest', atlas_spec='fsLR_seg-4S156Parcels_den-91k', n_rois=100, n_trs=1200, n_folds=5, model='lasso-bic', cv='blocks', proc_type='xcp-d', profile=False, fc_data_path='/pscratch/sd/m/mphagen/hcp-functional-connectivity', max_iter=1000)
Namespace(sub_id='153126', ses_id='2', task_id='rest', atlas_spec='fsLR_seg-4S156Parcels_den-91k', n_rois=100, n_trs=1200, n_folds=5, model='lasso-bic', cv='blocks', proc_type='xcp-d', profile=False, fc_data_path='/pscratch/sd/m/mphagen/hcp-functional-connectivity', max_iter=1000)
Namespace(sub_id='118932', ses_id='2', task_id='rest', atlas_spec='fsLR_seg-4S156Parcels_den-91k', n_rois=100, n_trs=1200, n_folds=5, model='lasso-bic', cv='blocks', proc_type='xcp-d', profile=False, fc_data_path='/pscratch/sd/m/mphagen/hcp-functional-connectivity', max_iter=1000)
Namespace(sub_id='134728', ses_id='2', task_id='rest', atlas_spec='fsLR_seg-4S156Parcels_den-91k', n_rois=100, n_trs=1200, n_folds=5, model='lasso-bic', cv='blocks', proc_type='xcp-d', profile=False, fc_data_path='/pscratch/sd/m/mphagen/hcp-functional-connectivity', max_iter=1000)
Namespace(sub_id='176239', ses_id='2', task_id='rest', atlas_spec='fsLR_seg-4S156Parcels_den-91k', n_rois=100, n_trs=1200, n_folds=5, model='lasso-bic', cv='blocks', proc_type='xcp-d', profile=False, fc_data_path='/pscratch/sd/m/mphagen/hcp-functional-connectivity', max_iter=1000)
Namespace(sub_id='959574', ses_id='2', task_id='rest', atlas_spec='fsLR_seg-4S156Parcels_den-91k', n_rois=100, n_trs=1200, n_folds=5, model='lasso-bic', cv='blocks', proc_type='xcp-d', profile=False, fc_data_path='/pscratch/sd/m/mphagen/hcp-functional-connectivity', max_iter=1000)
Namespace(sub_id='208428', ses_id='2', task_id='rest', atlas_spec='fsLR_seg-4S156Parcels_den-91k', n_rois=100, n_trs=1200, n_folds=5, model='lasso-bic', cv='blocks', proc_type='xcp-d', profile=False, fc_data_path='/pscratch/sd/m/mphagen/hcp-functional-connectivity', max_iter=1000)
Namespace(sub_id='162935', ses_id='2', task_id='rest', atlas_spec='fsLR_seg-4S156Parcels_den-91k', n_rois=100, n_trs=1200, n_folds=5, model='lasso-bic', cv='blocks', proc_type='xcp-d', profile=False, fc_data_path='/pscratch/sd/m/mphagen/hcp-functional-connectivity', max_iter=1000)
Namespace(sub_id='130114', ses_id='2', task_id='rest', atlas_spec='fsLR_seg-4S156Parcels_den-91k', n_rois=100, n_trs=1200, n_folds=5, model='lasso-bic', cv='blocks', proc_type='xcp-d', profile=False, fc_data_path='/pscratch/sd/m/mphagen/hcp-functional-connectivity', max_iter=1000)
Namespace(sub_id='979984', ses_id='2', task_id='rest', atlas_spec='fsLR_seg-4S156Parcels_den-91k', n_rois=100, n_trs=1200, n_folds=5, model='lasso-bic', cv='blocks', proc_type='xcp-d', profile=False, fc_data_path='/pscratch/sd/m/mphagen/hcp-functional-connectivity', max_iter=1000)
Namespace(sub_id='107018', ses_id='2', task_id='rest', atlas_spec='fsLR_seg-4S156Parcels_den-91k', n_rois=100, n_trs=1200, n_folds=5, model='lasso-bic', cv='blocks', proc_type='xcp-d', profile=False, fc_data_path='/pscratch/sd/m/mphagen/hcp-functional-connectivity', max_iter=1000)
Namespace(sub_id='680250', ses_id='2', task_id='rest', atlas_spec='fsLR_seg-4S156Parcels_den-91k', n_rois=100, n_trs=1200, n_folds=5, model='lasso-bic', cv='blocks', proc_type='xcp-d', profile=False, fc_data_path='/pscratch/sd/m/mphagen/hcp-functional-connectivity', max_iter=1000)
Namespace(sub_id='208630', ses_id='2', task_id='rest', atlas_spec='fsLR_seg-4S156Parcels_den-91k', n_rois=100, n_trs=1200, n_folds=5, model='lasso-bic', cv='blocks', proc_type='xcp-d', profile=False, fc_data_path='/pscratch/sd/m/mphagen/hcp-functional-connectivity', max_iter=1000)
Namespace(sub_id='159138', ses_id='2', task_id='rest', atlas_spec='fsLR_seg-4S156Parcels_den-91k', n_rois=100, n_trs=1200, n_folds=5, model='lasso-bic', cv='blocks', proc_type='xcp-d', profile=False, fc_data_path='/pscratch/sd/m/mphagen/hcp-functional-connectivity', max_iter=1000)
Namespace(sub_id='188549', ses_id='2', task_id='rest', atlas_spec='fsLR_seg-4S156Parcels_den-91k', n_rois=100, n_trs=1200, n_folds=5, model='lasso-bic', cv='blocks', proc_type='xcp-d', profile=False, fc_data_path='/pscratch/sd/m/mphagen/hcp-functional-connectivity', max_iter=1000)
Namespace(sub_id='202113', ses_id='2', task_id='rest', atlas_spec='fsLR_seg-4S156Parcels_den-91k', n_rois=100, n_trs=1200, n_folds=5, model='lasso-bic', cv='blocks', proc_type='xcp-d', profile=False, fc_data_path='/pscratch/sd/m/mphagen/hcp-functional-connectivity', max_iter=1000)
Namespace(sub_id='169949', ses_id='2', task_id='rest', atlas_spec='fsLR_seg-4S156Parcels_den-91k', n_rois=100, n_trs=1200, n_folds=5, model='lasso-bic', cv='blocks', proc_type='xcp-d', profile=False, fc_data_path='/pscratch/sd/m/mphagen/hcp-functional-connectivity', max_iter=1000)
Namespace(sub_id='513736', ses_id='2', task_id='rest', atlas_spec='fsLR_seg-4S156Parcels_den-91k', n_rois=100, n_trs=1200, n_folds=5, model='lasso-bic', cv='blocks', proc_type='xcp-d', profile=False, fc_data_path='/pscratch/sd/m/mphagen/hcp-functional-connectivity', max_iter=1000)
Namespace(sub_id='156031', ses_id='2', task_id='rest', atlas_spec='fsLR_seg-4S156Parcels_den-91k', n_rois=100, n_trs=1200, n_folds=5, model='lasso-bic', cv='blocks', proc_type='xcp-d', profile=False, fc_data_path='/pscratch/sd/m/mphagen/hcp-functional-connectivity', max_iter=1000)
Namespace(sub_id='130417', ses_id='2', task_id='rest', atlas_spec='fsLR_seg-4S156Parcels_den-91k', n_rois=100, n_trs=1200, n_folds=5, model='lasso-bic', cv='blocks', proc_type='xcp-d', profile=False, fc_data_path='/pscratch/sd/m/mphagen/hcp-functional-connectivity', max_iter=1000)
Namespace(sub_id='837560', ses_id='2', task_id='rest', atlas_spec='fsLR_seg-4S156Parcels_den-91k', n_rois=100, n_trs=1200, n_folds=5, model='lasso-bic', cv='blocks', proc_type='xcp-d', profile=False, fc_data_path='/pscratch/sd/m/mphagen/hcp-functional-connectivity', max_iter=1000)
Namespace(sub_id='826454', ses_id='2', task_id='rest', atlas_spec='fsLR_seg-4S156Parcels_den-91k', n_rois=100, n_trs=1200, n_folds=5, model='lasso-bic', cv='blocks', proc_type='xcp-d', profile=False, fc_data_path='/pscratch/sd/m/mphagen/hcp-functional-connectivity', max_iter=1000)
Namespace(sub_id='336841', ses_id='2', task_id='rest', atlas_spec='fsLR_seg-4S156Parcels_den-91k', n_rois=100, n_trs=1200, n_folds=5, model='lasso-bic', cv='blocks', proc_type='xcp-d', profile=False, fc_data_path='/pscratch/sd/m/mphagen/hcp-functional-connectivity', max_iter=1000)
Namespace(sub_id='204420', ses_id='2', task_id='rest', atlas_spec='fsLR_seg-4S156Parcels_den-91k', n_rois=100, n_trs=1200, n_folds=5, model='lasso-bic', cv='blocks', proc_type='xcp-d', profile=False, fc_data_path='/pscratch/sd/m/mphagen/hcp-functional-connectivity', max_iter=1000)
Namespace(sub_id='770352', ses_id='2', task_id='rest', atlas_spec='fsLR_seg-4S156Parcels_den-91k', n_rois=100, n_trs=1200, n_folds=5, model='lasso-bic', cv='blocks', proc_type='xcp-d', profile=False, fc_data_path='/pscratch/sd/m/mphagen/hcp-functional-connectivity', max_iter=1000)
Namespace(sub_id='174841', ses_id='2', task_id='rest', atlas_spec='fsLR_seg-4S156Parcels_den-91k', n_rois=100, n_trs=1200, n_folds=5, model='lasso-bic', cv='blocks', proc_type='xcp-d', profile=False, fc_data_path='/pscratch/sd/m/mphagen/hcp-functional-connectivity', max_iter=1000)
Namespace(sub_id='195849', ses_id='2', task_id='rest', atlas_spec='fsLR_seg-4S156Parcels_den-91k', n_rois=100, n_trs=1200, n_folds=5, model='lasso-bic', cv='blocks', proc_type='xcp-d', profile=False, fc_data_path='/pscratch/sd/m/mphagen/hcp-functional-connectivity', max_iter=1000)
Namespace(sub_id='454140', ses_id='2', task_id='rest', atlas_spec='fsLR_seg-4S156Parcels_den-91k', n_rois=100, n_trs=1200, n_folds=5, model='lasso-bic', cv='blocks', proc_type='xcp-d', profile=False, fc_data_path='/pscratch/sd/m/mphagen/hcp-functional-connectivity', max_iter=1000)
Namespace(sub_id='102311', ses_id='2', task_id='rest', atlas_spec='fsLR_seg-4S156Parcels_den-91k', n_rois=100, n_trs=1200, n_folds=5, model='lasso-bic', cv='blocks', proc_type='xcp-d', profile=False, fc_data_path='/pscratch/sd/m/mphagen/hcp-functional-connectivity', max_iter=1000)
Namespace(sub_id='937160', ses_id='2', task_id='rest', atlas_spec='fsLR_seg-4S156Parcels_den-91k', n_rois=100, n_trs=1200, n_folds=5, model='lasso-bic', cv='blocks', proc_type='xcp-d', profile=False, fc_data_path='/pscratch/sd/m/mphagen/hcp-functional-connectivity', max_iter=1000)
Namespace(sub_id='788674', ses_id='2', task_id='rest', atlas_spec='fsLR_seg-4S156Parcels_den-91k', n_rois=100, n_trs=1200, n_folds=5, model='lasso-bic', cv='blocks', proc_type='xcp-d', profile=False, fc_data_path='/pscratch/sd/m/mphagen/hcp-functional-connectivity', max_iter=1000)
Namespace(sub_id='300719', ses_id='2', task_id='rest', atlas_spec='fsLR_seg-4S156Parcels_den-91k', n_rois=100, n_trs=1200, n_folds=5, model='lasso-bic', cv='blocks', proc_type='xcp-d', profile=False, fc_data_path='/pscratch/sd/m/mphagen/hcp-functional-connectivity', max_iter=1000)
Namespace(sub_id='662551', ses_id='2', task_id='rest', atlas_spec='fsLR_seg-4S156Parcels_den-91k', n_rois=100, n_trs=1200, n_folds=5, model='lasso-bic', cv='blocks', proc_type='xcp-d', profile=False, fc_data_path='/pscratch/sd/m/mphagen/hcp-functional-connectivity', max_iter=1000)
Namespace(sub_id='149236', ses_id='2', task_id='rest', atlas_spec='fsLR_seg-4S156Parcels_den-91k', n_rois=100, n_trs=1200, n_folds=5, model='lasso-bic', cv='blocks', proc_type='xcp-d', profile=False, fc_data_path='/pscratch/sd/m/mphagen/hcp-functional-connectivity', max_iter=1000)
Namespace(sub_id='871762', ses_id='2', task_id='rest', atlas_spec='fsLR_seg-4S156Parcels_den-91k', n_rois=100, n_trs=1200, n_folds=5, model='lasso-bic', cv='blocks', proc_type='xcp-d', profile=False, fc_data_path='/pscratch/sd/m/mphagen/hcp-functional-connectivity', max_iter=1000)
Namespace(sub_id='742549', ses_id='2', task_id='rest', atlas_spec='fsLR_seg-4S156Parcels_den-91k', n_rois=100, n_trs=1200, n_folds=5, model='lasso-bic', cv='blocks', proc_type='xcp-d', profile=False, fc_data_path='/pscratch/sd/m/mphagen/hcp-functional-connectivity', max_iter=1000)
Namespace(sub_id='176744', ses_id='2', task_id='rest', atlas_spec='fsLR_seg-4S156Parcels_den-91k', n_rois=100, n_trs=1200, n_folds=5, model='lasso-bic', cv='blocks', proc_type='xcp-d', profile=False, fc_data_path='/pscratch/sd/m/mphagen/hcp-functional-connectivity', max_iter=1000)
Namespace(sub_id='118225', ses_id='2', task_id='rest', atlas_spec='fsLR_seg-4S156Parcels_den-91k', n_rois=100, n_trs=1200, n_folds=5, model='lasso-bic', cv='blocks', proc_type='xcp-d', profile=False, fc_data_path='/pscratch/sd/m/mphagen/hcp-functional-connectivity', max_iter=1000)
Namespace(sub_id='677766', ses_id='2', task_id='rest', atlas_spec='fsLR_seg-4S156Parcels_den-91k', n_rois=100, n_trs=1200, n_folds=5, model='lasso-bic', cv='blocks', proc_type='xcp-d', profile=False, fc_data_path='/pscratch/sd/m/mphagen/hcp-functional-connectivity', max_iter=1000)
Namespace(sub_id='908860', ses_id='2', task_id='rest', atlas_spec='fsLR_seg-4S156Parcels_den-91k', n_rois=100, n_trs=1200, n_folds=5, model='lasso-bic', cv='blocks', proc_type='xcp-d', profile=False, fc_data_path='/pscratch/sd/m/mphagen/hcp-functional-connectivity', max_iter=1000)
Namespace(sub_id='597869', ses_id='2', task_id='rest', atlas_spec='fsLR_seg-4S156Parcels_den-91k', n_rois=100, n_trs=1200, n_folds=5, model='lasso-bic', cv='blocks', proc_type='xcp-d', profile=False, fc_data_path='/pscratch/sd/m/mphagen/hcp-functional-connectivity', max_iter=1000)
Namespace(sub_id='352738', ses_id='2', task_id='rest', atlas_spec='fsLR_seg-4S156Parcels_den-91k', n_rois=100, n_trs=1200, n_folds=5, model='lasso-bic', cv='blocks', proc_type='xcp-d', profile=False, fc_data_path='/pscratch/sd/m/mphagen/hcp-functional-connectivity', max_iter=1000)
Namespace(sub_id='333330', ses_id='2', task_id='rest', atlas_spec='fsLR_seg-4S156Parcels_den-91k', n_rois=100, n_trs=1200, n_folds=5, model='lasso-bic', cv='blocks', proc_type='xcp-d', profile=False, fc_data_path='/pscratch/sd/m/mphagen/hcp-functional-connectivity', max_iter=1000)
Namespace(sub_id='579665', ses_id='2', task_id='rest', atlas_spec='fsLR_seg-4S156Parcels_den-91k', n_rois=100, n_trs=1200, n_folds=5, model='lasso-bic', cv='blocks', proc_type='xcp-d', profile=False, fc_data_path='/pscratch/sd/m/mphagen/hcp-functional-connectivity', max_iter=1000)
Namespace(sub_id='197651', ses_id='2', task_id='rest', atlas_spec='fsLR_seg-4S156Parcels_den-91k', n_rois=100, n_trs=1200, n_folds=5, model='lasso-bic', cv='blocks', proc_type='xcp-d', profile=False, fc_data_path='/pscratch/sd/m/mphagen/hcp-functional-connectivity', max_iter=1000)
Namespace(sub_id='126931', ses_id='2', task_id='rest', atlas_spec='fsLR_seg-4S156Parcels_den-91k', n_rois=100, n_trs=1200, n_folds=5, model='lasso-bic', cv='blocks', proc_type='xcp-d', profile=False, fc_data_path='/pscratch/sd/m/mphagen/hcp-functional-connectivity', max_iter=1000)
Namespace(sub_id='356948', ses_id='2', task_id='rest', atlas_spec='fsLR_seg-4S156Parcels_den-91k', n_rois=100, n_trs=1200, n_folds=5, model='lasso-bic', cv='blocks', proc_type='xcp-d', profile=False, fc_data_path='/pscratch/sd/m/mphagen/hcp-functional-connectivity', max_iter=1000)
Namespace(sub_id='867468', ses_id='2', task_id='rest', atlas_spec='fsLR_seg-4S156Parcels_den-91k', n_rois=100, n_trs=1200, n_folds=5, model='lasso-bic', cv='blocks', proc_type='xcp-d', profile=False, fc_data_path='/pscratch/sd/m/mphagen/hcp-functional-connectivity', max_iter=1000)
Namespace(sub_id='761957', ses_id='2', task_id='rest', atlas_spec='fsLR_seg-4S156Parcels_den-91k', n_rois=100, n_trs=1200, n_folds=5, model='lasso-bic', cv='blocks', proc_type='xcp-d', profile=False, fc_data_path='/pscratch/sd/m/mphagen/hcp-functional-connectivity', max_iter=1000)
Namespace(sub_id='601127', ses_id='2', task_id='rest', atlas_spec='fsLR_seg-4S156Parcels_den-91k', n_rois=100, n_trs=1200, n_folds=5, model='lasso-bic', cv='blocks', proc_type='xcp-d', profile=False, fc_data_path='/pscratch/sd/m/mphagen/hcp-functional-connectivity', max_iter=1000)
Namespace(sub_id='154835', ses_id='2', task_id='rest', atlas_spec='fsLR_seg-4S156Parcels_den-91k', n_rois=100, n_trs=1200, n_folds=5, model='lasso-bic', cv='blocks', proc_type='xcp-d', profile=False, fc_data_path='/pscratch/sd/m/mphagen/hcp-functional-connectivity', max_iter=1000)
Namespace(sub_id='196851', ses_id='2', task_id='rest', atlas_spec='fsLR_seg-4S156Parcels_den-91k', n_rois=100, n_trs=1200, n_folds=5, model='lasso-bic', cv='blocks', proc_type='xcp-d', profile=False, fc_data_path='/pscratch/sd/m/mphagen/hcp-functional-connectivity', max_iter=1000)
Namespace(sub_id='111413', ses_id='2', task_id='rest', atlas_spec='fsLR_seg-4S156Parcels_den-91k', n_rois=100, n_trs=1200, n_folds=5, model='lasso-bic', cv='blocks', proc_type='xcp-d', profile=False, fc_data_path='/pscratch/sd/m/mphagen/hcp-functional-connectivity', max_iter=1000)
Namespace(sub_id='103010', ses_id='2', task_id='rest', atlas_spec='fsLR_seg-4S156Parcels_den-91k', n_rois=100, n_trs=1200, n_folds=5, model='lasso-bic', cv='blocks', proc_type='xcp-d', profile=False, fc_data_path='/pscratch/sd/m/mphagen/hcp-functional-connectivity', max_iter=1000)
Namespace(sub_id='130013', ses_id='2', task_id='rest', atlas_spec='fsLR_seg-4S156Parcels_den-91k', n_rois=100, n_trs=1200, n_folds=5, model='lasso-bic', cv='blocks', proc_type='xcp-d', profile=False, fc_data_path='/pscratch/sd/m/mphagen/hcp-functional-connectivity', max_iter=1000)
Namespace(sub_id='887373', ses_id='2', task_id='rest', atlas_spec='fsLR_seg-4S156Parcels_den-91k', n_rois=100, n_trs=1200, n_folds=5, model='lasso-bic', cv='blocks', proc_type='xcp-d', profile=False, fc_data_path='/pscratch/sd/m/mphagen/hcp-functional-connectivity', max_iter=1000)
Namespace(sub_id='531536', ses_id='2', task_id='rest', atlas_spec='fsLR_seg-4S156Parcels_den-91k', n_rois=100, n_trs=1200, n_folds=5, model='lasso-bic', cv='blocks', proc_type='xcp-d', profile=False, fc_data_path='/pscratch/sd/m/mphagen/hcp-functional-connectivity', max_iter=1000)
Namespace(sub_id='129533', ses_id='2', task_id='rest', atlas_spec='fsLR_seg-4S156Parcels_den-91k', n_rois=100, n_trs=1200, n_folds=5, model='lasso-bic', cv='blocks', proc_type='xcp-d', profile=False, fc_data_path='/pscratch/sd/m/mphagen/hcp-functional-connectivity', max_iter=1000)
Namespace(sub_id='341834', ses_id='2', task_id='rest', atlas_spec='fsLR_seg-4S156Parcels_den-91k', n_rois=100, n_trs=1200, n_folds=5, model='lasso-bic', cv='blocks', proc_type='xcp-d', profile=False, fc_data_path='/pscratch/sd/m/mphagen/hcp-functional-connectivity', max_iter=1000)
Namespace(sub_id='590047', ses_id='2', task_id='rest', atlas_spec='fsLR_seg-4S156Parcels_den-91k', n_rois=100, n_trs=1200, n_folds=5, model='lasso-bic', cv='blocks', proc_type='xcp-d', profile=False, fc_data_path='/pscratch/sd/m/mphagen/hcp-functional-connectivity', max_iter=1000)
Namespace(sub_id='856463', ses_id='2', task_id='rest', atlas_spec='fsLR_seg-4S156Parcels_den-91k', n_rois=100, n_trs=1200, n_folds=5, model='lasso-bic', cv='blocks', proc_type='xcp-d', profile=False, fc_data_path='/pscratch/sd/m/mphagen/hcp-functional-connectivity', max_iter=1000)
Namespace(sub_id='406432', ses_id='2', task_id='rest', atlas_spec='fsLR_seg-4S156Parcels_den-91k', n_rois=100, n_trs=1200, n_folds=5, model='lasso-bic', cv='blocks', proc_type='xcp-d', profile=False, fc_data_path='/pscratch/sd/m/mphagen/hcp-functional-connectivity', max_iter=1000)
Namespace(sub_id='878877', ses_id='2', task_id='rest', atlas_spec='fsLR_seg-4S156Parcels_den-91k', n_rois=100, n_trs=1200, n_folds=5, model='lasso-bic', cv='blocks', proc_type='xcp-d', profile=False, fc_data_path='/pscratch/sd/m/mphagen/hcp-functional-connectivity', max_iter=1000)
Namespace(sub_id='173233', ses_id='2', task_id='rest', atlas_spec='fsLR_seg-4S156Parcels_den-91k', n_rois=100, n_trs=1200, n_folds=5, model='lasso-bic', cv='blocks', proc_type='xcp-d', profile=False, fc_data_path='/pscratch/sd/m/mphagen/hcp-functional-connectivity', max_iter=1000)
Namespace(sub_id='870861', ses_id='2', task_id='rest', atlas_spec='fsLR_seg-4S156Parcels_den-91k', n_rois=100, n_trs=1200, n_folds=5, model='lasso-bic', cv='blocks', proc_type='xcp-d', profile=False, fc_data_path='/pscratch/sd/m/mphagen/hcp-functional-connectivity', max_iter=1000)
